{"/home/popmac/dev-learn/springboard/sb-projects/unit35/express-biztime-2/app.js": {"path":"/home/popmac/dev-learn/springboard/sb-projects/unit35/express-biztime-2/app.js","statementMap":{"0":{"start":{"line":3,"column":16},"end":{"line":3,"column":34}},"1":{"start":{"line":4,"column":12},"end":{"line":4,"column":21}},"2":{"start":{"line":5,"column":21},"end":{"line":5,"column":46}},"3":{"start":{"line":6,"column":24},"end":{"line":6,"column":53}},"4":{"start":{"line":7,"column":23},"end":{"line":7,"column":51}},"5":{"start":{"line":9,"column":0},"end":{"line":9,"column":24}},"6":{"start":{"line":11,"column":0},"end":{"line":11,"column":39}},"7":{"start":{"line":12,"column":0},"end":{"line":12,"column":36}},"8":{"start":{"line":16,"column":0},"end":{"line":20,"column":3}},"9":{"start":{"line":17,"column":14},"end":{"line":17,"column":48}},"10":{"start":{"line":19,"column":2},"end":{"line":19,"column":19}},"11":{"start":{"line":24,"column":0},"end":{"line":31,"column":3}},"12":{"start":{"line":25,"column":2},"end":{"line":25,"column":32}},"13":{"start":{"line":27,"column":2},"end":{"line":30,"column":5}},"14":{"start":{"line":34,"column":0},"end":{"line":34,"column":21}}},"fnMap":{"0":{"name":"(anonymous_0)","decl":{"start":{"line":16,"column":8},"end":{"line":16,"column":9}},"loc":{"start":{"line":16,"column":33},"end":{"line":20,"column":1}},"line":16},"1":{"name":"(anonymous_1)","decl":{"start":{"line":24,"column":8},"end":{"line":24,"column":9}},"loc":{"start":{"line":24,"column":33},"end":{"line":31,"column":1}},"line":24}},"branchMap":{"0":{"loc":{"start":{"line":25,"column":13},"end":{"line":25,"column":30}},"type":"binary-expr","locations":[{"start":{"line":25,"column":13},"end":{"line":25,"column":23}},{"start":{"line":25,"column":27},"end":{"line":25,"column":30}}],"line":25}},"s":{"0":1,"1":1,"2":1,"3":1,"4":1,"5":1,"6":1,"7":1,"8":1,"9":0,"10":0,"11":1,"12":0,"13":0,"14":1},"f":{"0":0,"1":0},"b":{"0":[0,0]},"_coverageSchema":"1a1c01bbd47fc00a2c39e90264f33305004495a9","hash":"e2b0d988276e316095cb6fa24f8d3588ede1b92b"}
,"/home/popmac/dev-learn/springboard/sb-projects/unit35/express-biztime-2/db.js": {"path":"/home/popmac/dev-learn/springboard/sb-projects/unit35/express-biztime-2/db.js","statementMap":{"0":{"start":{"line":3,"column":19},"end":{"line":3,"column":32}},"1":{"start":{"line":7,"column":0},"end":{"line":11,"column":1}},"2":{"start":{"line":8,"column":2},"end":{"line":8,"column":40}},"3":{"start":{"line":10,"column":2},"end":{"line":10,"column":35}},"4":{"start":{"line":13,"column":9},"end":{"line":13,"column":49}},"5":{"start":{"line":15,"column":0},"end":{"line":15,"column":12}},"6":{"start":{"line":17,"column":0},"end":{"line":17,"column":19}}},"fnMap":{},"branchMap":{"0":{"loc":{"start":{"line":7,"column":0},"end":{"line":11,"column":1}},"type":"if","locations":[{"start":{"line":7,"column":0},"end":{"line":11,"column":1}},{"start":{"line":9,"column":7},"end":{"line":11,"column":1}}],"line":7}},"s":{"0":1,"1":1,"2":1,"3":0,"4":1,"5":1,"6":1},"f":{},"b":{"0":[1,0]},"_coverageSchema":"1a1c01bbd47fc00a2c39e90264f33305004495a9","hash":"6e6e8a6df411673ac5d162cd6a73496331e6d034"}
,"/home/popmac/dev-learn/springboard/sb-projects/unit35/express-biztime-2/expressError.js": {"path":"/home/popmac/dev-learn/springboard/sb-projects/unit35/express-biztime-2/expressError.js","statementMap":{"0":{"start":{"line":9,"column":4},"end":{"line":9,"column":12}},"1":{"start":{"line":10,"column":4},"end":{"line":10,"column":27}},"2":{"start":{"line":11,"column":4},"end":{"line":11,"column":25}},"3":{"start":{"line":12,"column":4},"end":{"line":12,"column":30}},"4":{"start":{"line":17,"column":0},"end":{"line":17,"column":30}}},"fnMap":{"0":{"name":"(anonymous_0)","decl":{"start":{"line":8,"column":2},"end":{"line":8,"column":3}},"loc":{"start":{"line":8,"column":31},"end":{"line":13,"column":3}},"line":8}},"branchMap":{},"s":{"0":0,"1":0,"2":0,"3":0,"4":1},"f":{"0":0},"b":{},"_coverageSchema":"1a1c01bbd47fc00a2c39e90264f33305004495a9","hash":"5c3bbb38fe4f807aca55d491d99019fc8b9e79be"}
,"/home/popmac/dev-learn/springboard/sb-projects/unit35/express-biztime-2/routes/companies.js": {"path":"/home/popmac/dev-learn/springboard/sb-projects/unit35/express-biztime-2/routes/companies.js","statementMap":{"0":{"start":{"line":4,"column":16},"end":{"line":4,"column":34}},"1":{"start":{"line":5,"column":21},"end":{"line":5,"column":47}},"2":{"start":{"line":6,"column":15},"end":{"line":6,"column":31}},"3":{"start":{"line":7,"column":11},"end":{"line":7,"column":27}},"4":{"start":{"line":8,"column":16},"end":{"line":8,"column":34}},"5":{"start":{"line":11,"column":0},"end":{"line":19,"column":2}},"6":{"start":{"line":12,"column":2},"end":{"line":18,"column":3}},"7":{"start":{"line":13,"column":19},"end":{"line":13,"column":60}},"8":{"start":{"line":15,"column":4},"end":{"line":15,"column":47}},"9":{"start":{"line":17,"column":4},"end":{"line":17,"column":20}},"10":{"start":{"line":22,"column":0},"end":{"line":45,"column":2}},"11":{"start":{"line":23,"column":2},"end":{"line":44,"column":3}},"12":{"start":{"line":24,"column":21},"end":{"line":24,"column":31}},"13":{"start":{"line":26,"column":23},"end":{"line":26,"column":88}},"14":{"start":{"line":28,"column":4},"end":{"line":30,"column":5}},"15":{"start":{"line":29,"column":6},"end":{"line":29,"column":67}},"16":{"start":{"line":32,"column":26},"end":{"line":34,"column":14}},"17":{"start":{"line":36,"column":19},"end":{"line":36,"column":52}},"18":{"start":{"line":36,"column":47},"end":{"line":36,"column":51}},"19":{"start":{"line":39,"column":4},"end":{"line":39,"column":40}},"20":{"start":{"line":41,"column":4},"end":{"line":41,"column":52}},"21":{"start":{"line":43,"column":4},"end":{"line":43,"column":20}},"22":{"start":{"line":48,"column":0},"end":{"line":68,"column":2}},"23":{"start":{"line":49,"column":2},"end":{"line":67,"column":3}},"24":{"start":{"line":50,"column":32},"end":{"line":50,"column":40}},"25":{"start":{"line":53,"column":15},"end":{"line":56,"column":21}},"26":{"start":{"line":58,"column":20},"end":{"line":62,"column":5}},"27":{"start":{"line":64,"column":4},"end":{"line":64,"column":61}},"28":{"start":{"line":66,"column":4},"end":{"line":66,"column":20}},"29":{"start":{"line":71,"column":0},"end":{"line":91,"column":2}},"30":{"start":{"line":72,"column":2},"end":{"line":90,"column":3}},"31":{"start":{"line":73,"column":21},"end":{"line":73,"column":31}},"32":{"start":{"line":74,"column":34},"end":{"line":74,"column":42}},"33":{"start":{"line":76,"column":19},"end":{"line":80,"column":33}},"34":{"start":{"line":82,"column":4},"end":{"line":84,"column":5}},"35":{"start":{"line":83,"column":6},"end":{"line":83,"column":67}},"36":{"start":{"line":86,"column":4},"end":{"line":86,"column":48}},"37":{"start":{"line":89,"column":4},"end":{"line":89,"column":20}},"38":{"start":{"line":94,"column":0},"end":{"line":104,"column":2}},"39":{"start":{"line":95,"column":2},"end":{"line":103,"column":3}},"40":{"start":{"line":96,"column":21},"end":{"line":96,"column":31}},"41":{"start":{"line":98,"column":19},"end":{"line":98,"column":76}},"42":{"start":{"line":100,"column":4},"end":{"line":100,"column":39}},"43":{"start":{"line":102,"column":4},"end":{"line":102,"column":20}},"44":{"start":{"line":106,"column":0},"end":{"line":106,"column":24}}},"fnMap":{"0":{"name":"(anonymous_0)","decl":{"start":{"line":11,"column":16},"end":{"line":11,"column":17}},"loc":{"start":{"line":11,"column":42},"end":{"line":19,"column":1}},"line":11},"1":{"name":"(anonymous_1)","decl":{"start":{"line":22,"column":21},"end":{"line":22,"column":22}},"loc":{"start":{"line":22,"column":47},"end":{"line":45,"column":1}},"line":22},"2":{"name":"(anonymous_2)","decl":{"start":{"line":36,"column":42},"end":{"line":36,"column":43}},"loc":{"start":{"line":36,"column":47},"end":{"line":36,"column":51}},"line":36},"3":{"name":"(anonymous_3)","decl":{"start":{"line":48,"column":17},"end":{"line":48,"column":18}},"loc":{"start":{"line":48,"column":43},"end":{"line":68,"column":1}},"line":48},"4":{"name":"(anonymous_4)","decl":{"start":{"line":71,"column":21},"end":{"line":71,"column":22}},"loc":{"start":{"line":71,"column":47},"end":{"line":91,"column":1}},"line":71},"5":{"name":"(anonymous_5)","decl":{"start":{"line":94,"column":24},"end":{"line":94,"column":25}},"loc":{"start":{"line":94,"column":50},"end":{"line":104,"column":1}},"line":94}},"branchMap":{"0":{"loc":{"start":{"line":28,"column":4},"end":{"line":30,"column":5}},"type":"if","locations":[{"start":{"line":28,"column":4},"end":{"line":30,"column":5}},{"start":{},"end":{}}],"line":28},"1":{"loc":{"start":{"line":82,"column":4},"end":{"line":84,"column":5}},"type":"if","locations":[{"start":{"line":82,"column":4},"end":{"line":84,"column":5}},{"start":{},"end":{}}],"line":82}},"s":{"0":1,"1":1,"2":1,"3":1,"4":1,"5":1,"6":0,"7":0,"8":0,"9":0,"10":1,"11":0,"12":0,"13":0,"14":0,"15":0,"16":0,"17":0,"18":0,"19":0,"20":0,"21":0,"22":1,"23":0,"24":0,"25":0,"26":0,"27":0,"28":0,"29":1,"30":0,"31":0,"32":0,"33":0,"34":0,"35":0,"36":0,"37":0,"38":1,"39":0,"40":0,"41":0,"42":0,"43":0,"44":1},"f":{"0":0,"1":0,"2":0,"3":0,"4":0,"5":0},"b":{"0":[0,0],"1":[0,0]},"_coverageSchema":"1a1c01bbd47fc00a2c39e90264f33305004495a9","hash":"9909e58b6e32861a7e8f51323f20f2b8da7cef17"}
,"/home/popmac/dev-learn/springboard/sb-projects/unit35/express-biztime-2/routes/invoices.js": {"path":"/home/popmac/dev-learn/springboard/sb-projects/unit35/express-biztime-2/routes/invoices.js","statementMap":{"0":{"start":{"line":3,"column":16},"end":{"line":3,"column":34}},"1":{"start":{"line":4,"column":21},"end":{"line":4,"column":47}},"2":{"start":{"line":5,"column":15},"end":{"line":5,"column":31}},"3":{"start":{"line":6,"column":11},"end":{"line":6,"column":27}},"4":{"start":{"line":9,"column":0},"end":{"line":17,"column":2}},"5":{"start":{"line":10,"column":2},"end":{"line":16,"column":3}},"6":{"start":{"line":11,"column":19},"end":{"line":11,"column":59}},"7":{"start":{"line":13,"column":4},"end":{"line":13,"column":46}},"8":{"start":{"line":15,"column":4},"end":{"line":15,"column":20}},"9":{"start":{"line":20,"column":0},"end":{"line":54,"column":2}},"10":{"start":{"line":21,"column":2},"end":{"line":53,"column":3}},"11":{"start":{"line":22,"column":19},"end":{"line":22,"column":29}},"12":{"start":{"line":23,"column":19},"end":{"line":29,"column":14}},"13":{"start":{"line":31,"column":4},"end":{"line":33,"column":5}},"14":{"start":{"line":32,"column":6},"end":{"line":32,"column":76}},"15":{"start":{"line":35,"column":17},"end":{"line":35,"column":31}},"16":{"start":{"line":37,"column":20},"end":{"line":48,"column":5}},"17":{"start":{"line":50,"column":4},"end":{"line":50,"column":42}},"18":{"start":{"line":52,"column":4},"end":{"line":52,"column":20}},"19":{"start":{"line":57,"column":0},"end":{"line":71,"column":2}},"20":{"start":{"line":58,"column":2},"end":{"line":70,"column":3}},"21":{"start":{"line":59,"column":31},"end":{"line":59,"column":39}},"22":{"start":{"line":61,"column":20},"end":{"line":65,"column":24}},"23":{"start":{"line":67,"column":4},"end":{"line":67,"column":61}},"24":{"start":{"line":69,"column":4},"end":{"line":69,"column":20}},"25":{"start":{"line":74,"column":0},"end":{"line":117,"column":2}},"26":{"start":{"line":75,"column":2},"end":{"line":116,"column":3}},"27":{"start":{"line":76,"column":19},"end":{"line":76,"column":29}},"28":{"start":{"line":77,"column":20},"end":{"line":77,"column":28}},"29":{"start":{"line":80,"column":23},"end":{"line":80,"column":83}},"30":{"start":{"line":82,"column":4},"end":{"line":84,"column":5}},"31":{"start":{"line":83,"column":6},"end":{"line":83,"column":66}},"32":{"start":{"line":86,"column":23},"end":{"line":86,"column":51}},"33":{"start":{"line":87,"column":19},"end":{"line":87,"column":42}},"34":{"start":{"line":88,"column":20},"end":{"line":88,"column":42}},"35":{"start":{"line":91,"column":4},"end":{"line":95,"column":5}},"36":{"start":{"line":92,"column":6},"end":{"line":92,"column":81}},"37":{"start":{"line":93,"column":11},"end":{"line":95,"column":5}},"38":{"start":{"line":94,"column":6},"end":{"line":94,"column":81}},"39":{"start":{"line":98,"column":4},"end":{"line":103,"column":5}},"40":{"start":{"line":99,"column":6},"end":{"line":99,"column":31}},"41":{"start":{"line":100,"column":6},"end":{"line":100,"column":21}},"42":{"start":{"line":102,"column":6},"end":{"line":102,"column":63}},"43":{"start":{"line":105,"column":19},"end":{"line":110,"column":41}},"44":{"start":{"line":113,"column":4},"end":{"line":113,"column":48}},"45":{"start":{"line":115,"column":4},"end":{"line":115,"column":20}},"46":{"start":{"line":121,"column":0},"end":{"line":131,"column":2}},"47":{"start":{"line":122,"column":2},"end":{"line":130,"column":3}},"48":{"start":{"line":123,"column":15},"end":{"line":123,"column":28}},"49":{"start":{"line":125,"column":19},"end":{"line":125,"column":71}},"50":{"start":{"line":127,"column":4},"end":{"line":127,"column":39}},"51":{"start":{"line":129,"column":4},"end":{"line":129,"column":20}},"52":{"start":{"line":133,"column":0},"end":{"line":133,"column":23}}},"fnMap":{"0":{"name":"(anonymous_0)","decl":{"start":{"line":9,"column":16},"end":{"line":9,"column":17}},"loc":{"start":{"line":9,"column":42},"end":{"line":17,"column":1}},"line":9},"1":{"name":"(anonymous_1)","decl":{"start":{"line":20,"column":19},"end":{"line":20,"column":20}},"loc":{"start":{"line":20,"column":45},"end":{"line":54,"column":1}},"line":20},"2":{"name":"(anonymous_2)","decl":{"start":{"line":57,"column":17},"end":{"line":57,"column":18}},"loc":{"start":{"line":57,"column":43},"end":{"line":71,"column":1}},"line":57},"3":{"name":"(anonymous_3)","decl":{"start":{"line":74,"column":19},"end":{"line":74,"column":20}},"loc":{"start":{"line":74,"column":45},"end":{"line":117,"column":1}},"line":74},"4":{"name":"(anonymous_4)","decl":{"start":{"line":121,"column":22},"end":{"line":121,"column":23}},"loc":{"start":{"line":121,"column":48},"end":{"line":131,"column":1}},"line":121}},"branchMap":{"0":{"loc":{"start":{"line":31,"column":4},"end":{"line":33,"column":5}},"type":"if","locations":[{"start":{"line":31,"column":4},"end":{"line":33,"column":5}},{"start":{},"end":{}}],"line":31},"1":{"loc":{"start":{"line":82,"column":4},"end":{"line":84,"column":5}},"type":"if","locations":[{"start":{"line":82,"column":4},"end":{"line":84,"column":5}},{"start":{},"end":{}}],"line":82},"2":{"loc":{"start":{"line":91,"column":4},"end":{"line":95,"column":5}},"type":"if","locations":[{"start":{"line":91,"column":4},"end":{"line":95,"column":5}},{"start":{"line":93,"column":11},"end":{"line":95,"column":5}}],"line":91},"3":{"loc":{"start":{"line":93,"column":11},"end":{"line":95,"column":5}},"type":"if","locations":[{"start":{"line":93,"column":11},"end":{"line":95,"column":5}},{"start":{},"end":{}}],"line":93},"4":{"loc":{"start":{"line":98,"column":4},"end":{"line":103,"column":5}},"type":"if","locations":[{"start":{"line":98,"column":4},"end":{"line":103,"column":5}},{"start":{"line":101,"column":11},"end":{"line":103,"column":5}}],"line":98},"5":{"loc":{"start":{"line":98,"column":8},"end":{"line":98,"column":34}},"type":"binary-expr","locations":[{"start":{"line":98,"column":8},"end":{"line":98,"column":17}},{"start":{"line":98,"column":21},"end":{"line":98,"column":34}}],"line":98}},"s":{"0":1,"1":1,"2":1,"3":1,"4":1,"5":0,"6":0,"7":0,"8":0,"9":1,"10":0,"11":0,"12":0,"13":0,"14":0,"15":0,"16":0,"17":0,"18":0,"19":1,"20":0,"21":0,"22":0,"23":0,"24":0,"25":1,"26":0,"27":0,"28":0,"29":0,"30":0,"31":0,"32":0,"33":0,"34":0,"35":0,"36":0,"37":0,"38":0,"39":0,"40":0,"41":0,"42":0,"43":0,"44":0,"45":0,"46":1,"47":0,"48":0,"49":0,"50":0,"51":0,"52":1},"f":{"0":0,"1":0,"2":0,"3":0,"4":0},"b":{"0":[0,0],"1":[0,0],"2":[0,0],"3":[0,0],"4":[0,0],"5":[0,0]},"_coverageSchema":"1a1c01bbd47fc00a2c39e90264f33305004495a9","hash":"a9d3f268a9164736dbbc7c636e9b0107aca82e1a"}
}
