TN:
SF:app.js
FN:16,(anonymous_0)
FN:24,(anonymous_1)
FNF:2
FNH:0
FNDA:0,(anonymous_0)
FNDA:0,(anonymous_1)
DA:3,1
DA:4,1
DA:5,1
DA:6,1
DA:7,1
DA:9,1
DA:11,1
DA:12,1
DA:16,1
DA:17,0
DA:19,0
DA:24,1
DA:25,0
DA:27,0
DA:34,1
LF:15
LH:11
BRDA:25,0,0,0
BRDA:25,0,1,0
BRF:2
BRH:0
end_of_record
TN:
SF:db.js
FNF:0
FNH:0
DA:3,1
DA:7,1
DA:8,1
DA:10,0
DA:13,1
DA:15,1
DA:17,1
LF:7
LH:6
BRDA:7,0,0,1
BRDA:7,0,1,0
BRF:2
BRH:1
end_of_record
TN:
SF:expressError.js
FN:8,(anonymous_0)
FNF:1
FNH:0
FNDA:0,(anonymous_0)
DA:9,0
DA:10,0
DA:11,0
DA:12,0
DA:17,1
LF:5
LH:1
BRF:0
BRH:0
end_of_record
TN:
SF:routes/companies.js
FN:11,(anonymous_0)
FN:22,(anonymous_1)
FN:36,(anonymous_2)
FN:48,(anonymous_3)
FN:71,(anonymous_4)
FN:94,(anonymous_5)
FNF:6
FNH:0
FNDA:0,(anonymous_0)
FNDA:0,(anonymous_1)
FNDA:0,(anonymous_2)
FNDA:0,(anonymous_3)
FNDA:0,(anonymous_4)
FNDA:0,(anonymous_5)
DA:4,1
DA:5,1
DA:6,1
DA:7,1
DA:8,1
DA:11,1
DA:12,0
DA:13,0
DA:15,0
DA:17,0
DA:22,1
DA:23,0
DA:24,0
DA:26,0
DA:28,0
DA:29,0
DA:32,0
DA:36,0
DA:39,0
DA:41,0
DA:43,0
DA:48,1
DA:49,0
DA:50,0
DA:53,0
DA:58,0
DA:64,0
DA:66,0
DA:71,1
DA:72,0
DA:73,0
DA:74,0
DA:76,0
DA:82,0
DA:83,0
DA:86,0
DA:89,0
DA:94,1
DA:95,0
DA:96,0
DA:98,0
DA:100,0
DA:102,0
DA:106,1
LF:44
LH:11
BRDA:28,0,0,0
BRDA:28,0,1,0
BRDA:82,1,0,0
BRDA:82,1,1,0
BRF:4
BRH:0
end_of_record
TN:
SF:routes/invoices.js
FN:9,(anonymous_0)
FN:20,(anonymous_1)
FN:57,(anonymous_2)
FN:74,(anonymous_3)
FN:121,(anonymous_4)
FNF:5
FNH:0
FNDA:0,(anonymous_0)
FNDA:0,(anonymous_1)
FNDA:0,(anonymous_2)
FNDA:0,(anonymous_3)
FNDA:0,(anonymous_4)
DA:3,1
DA:4,1
DA:5,1
DA:6,1
DA:9,1
DA:10,0
DA:11,0
DA:13,0
DA:15,0
DA:20,1
DA:21,0
DA:22,0
DA:23,0
DA:31,0
DA:32,0
DA:35,0
DA:37,0
DA:50,0
DA:52,0
DA:57,1
DA:58,0
DA:59,0
DA:61,0
DA:67,0
DA:69,0
DA:74,1
DA:75,0
DA:76,0
DA:77,0
DA:80,0
DA:82,0
DA:83,0
DA:86,0
DA:87,0
DA:88,0
DA:91,0
DA:92,0
DA:93,0
DA:94,0
DA:98,0
DA:99,0
DA:100,0
DA:102,0
DA:105,0
DA:113,0
DA:115,0
DA:121,1
DA:122,0
DA:123,0
DA:125,0
DA:127,0
DA:129,0
DA:133,1
LF:53
LH:10
BRDA:31,0,0,0
BRDA:31,0,1,0
BRDA:82,1,0,0
BRDA:82,1,1,0
BRDA:91,2,0,0
BRDA:91,2,1,0
BRDA:93,3,0,0
BRDA:93,3,1,0
BRDA:98,4,0,0
BRDA:98,4,1,0
BRDA:98,5,0,0
BRDA:98,5,1,0
BRF:12
BRH:0
end_of_record
